[13:23:53] [main/INFO]: Environment: authHost='https://authserver.mojang.com', accountsHost='https://api.mojang.com', sessionHost='https://sessionserver.mojang.com', name='PROD'
[13:23:54] [main/WARN]: Ambiguity between arguments [teleport, destination] and [teleport, targets] with inputs: [Player, 0123, @e, dd12be42-52a9-4a91-a8a1-11c01849e498]
[13:23:54] [main/WARN]: Ambiguity between arguments [teleport, location] and [teleport, destination] with inputs: [0.1 -0.5 .9, 0 0 0]
[13:23:54] [main/WARN]: Ambiguity between arguments [teleport, location] and [teleport, targets] with inputs: [0.1 -0.5 .9, 0 0 0]
[13:23:54] [main/WARN]: Ambiguity between arguments [teleport, targets] and [teleport, destination] with inputs: [Player, 0123, dd12be42-52a9-4a91-a8a1-11c01849e498]
[13:23:54] [main/WARN]: Ambiguity between arguments [teleport, targets, location] and [teleport, targets, destination] with inputs: [0.1 -0.5 .9, 0 0 0]
[13:23:54] [main/INFO]: Reloading ResourceManager: Default
[13:23:56] [Worker-Main-2/INFO]: Loaded 7 recipes
[13:23:56] [Worker-Main-2/INFO]: Loaded 927 advancements
[13:24:00] [Server thread/INFO]: Starting minecraft server version 1.16.3
[13:24:00] [Server thread/INFO]: Loading properties
[13:24:00] [Server thread/INFO]: Default game type: SURVIVAL
[13:24:00] [Server thread/INFO]: Generating keypair
[13:24:01] [Server thread/INFO]: Starting Minecraft server on *:25565
[13:24:01] [Server thread/INFO]: Using epoll channel type
[13:24:01] [Server thread/INFO]: Preparing level "SANYA"
[13:24:01] [Server thread/INFO]: Preparing start region for dimension minecraft:overworld
[13:24:06] [Server thread/INFO]: Preparing spawn area: 0%
[13:24:06] [Server thread/INFO]: Preparing spawn area: 0%
[13:24:06] [Server thread/INFO]: Preparing spawn area: 0%
[13:24:06] [Server thread/INFO]: Preparing spawn area: 0%
[13:24:06] [Server thread/INFO]: Preparing spawn area: 0%
[13:24:06] [Server thread/INFO]: Preparing spawn area: 0%
[13:24:06] [Server thread/INFO]: Preparing spawn area: 0%
[13:24:06] [Server thread/INFO]: Preparing spawn area: 0%
[13:24:06] [Server thread/INFO]: Preparing spawn area: 0%
[13:24:06] [Server thread/INFO]: Preparing spawn area: 0%
[13:24:06] [Server thread/INFO]: Preparing spawn area: 0%
[13:24:07] [Server thread/INFO]: Time elapsed: 5971 ms
[13:24:07] [Server thread/INFO]: Done (6.099s)! For help, type "help"
